<?xml version="1.0" encoding="UTF-8"?>
<!-- Generated by org.testng.reporters.JUnitXMLReporter -->
<testsuite ignored="0" hostname="DESKTOP-UP2LI8Q" failures="0" tests="5" name="Test1" time="25.228" errors="0" timestamp="2024-04-19T15:08:15 IST">
  <testcase classname="com.viridium.qa.tests.TestCases" name="login" time="3.386"/>
  <testcase classname="com.viridium.qa.tests.TestCases" name="checkProductProfitabilityMenuVisible" time="0.125"/>
  <testcase classname="com.viridium.qa.tests.TestCases" name="checkCarbonEmissionMenuVisible" time="0.055"/>
  <testcase classname="com.viridium.qa.tests.TestCases" name="checkPFASCHemicalsMenuVisible" time="0.054"/>
  <testcase classname="com.viridium.qa.tests.TestCases" name="checkRegulatoryReportsMenuVisible" time="0.048"/>
</testsuite> <!-- Test1 -->
