<?xml version="1.0" encoding="UTF-8"?>
<testng-results ignored="0" total="10" passed="10" failed="0" skipped="0">
  <reporter-output>
  </reporter-output>
  <suite started-at="2024-04-19T15:07:50 IST" name="Suite_demo" finished-at="2024-04-19T15:08:48 IST" duration-ms="58412">
    <groups>
    </groups>
    <test started-at="2024-04-19T15:07:50 IST" name="Test1" finished-at="2024-04-19T15:08:15 IST" duration-ms="25228">
      <class name="com.viridium.qa.tests.TestCases">
        <test-method is-config="true" signature="openBrowserCreateProject(java.lang.String)[pri:0, instance:com.viridium.qa.tests.TestCases@6e171cd7]" started-at="2024-04-19T15:07:50 IST" name="openBrowserCreateProject" finished-at="2024-04-19T15:08:11 IST" duration-ms="21356" status="PASS">
          <params>
            <param index="0">
              <value>
                <![CDATA[chrome]]>
              </value>
            </param>
          </params>
          <reporter-output>
          </reporter-output>
        </test-method> <!-- openBrowserCreateProject -->
        <test-method signature="login()[pri:1, instance:com.viridium.qa.tests.TestCases@6e171cd7]" started-at="2024-04-19T15:08:11 IST" name="login" finished-at="2024-04-19T15:08:14 IST" duration-ms="3386" status="PASS">
          <reporter-output>
          </reporter-output>
        </test-method> <!-- login -->
        <test-method signature="checkProductProfitabilityMenuVisible()[pri:2, instance:com.viridium.qa.tests.TestCases@6e171cd7]" started-at="2024-04-19T15:08:14 IST" name="checkProductProfitabilityMenuVisible" finished-at="2024-04-19T15:08:14 IST" duration-ms="125" status="PASS">
          <reporter-output>
          </reporter-output>
        </test-method> <!-- checkProductProfitabilityMenuVisible -->
        <test-method signature="checkCarbonEmissionMenuVisible()[pri:3, instance:com.viridium.qa.tests.TestCases@6e171cd7]" started-at="2024-04-19T15:08:14 IST" name="checkCarbonEmissionMenuVisible" finished-at="2024-04-19T15:08:15 IST" duration-ms="55" status="PASS">
          <reporter-output>
          </reporter-output>
        </test-method> <!-- checkCarbonEmissionMenuVisible -->
        <test-method signature="checkPFASCHemicalsMenuVisible()[pri:4, instance:com.viridium.qa.tests.TestCases@6e171cd7]" started-at="2024-04-19T15:08:15 IST" name="checkPFASCHemicalsMenuVisible" finished-at="2024-04-19T15:08:15 IST" duration-ms="54" status="PASS">
          <reporter-output>
          </reporter-output>
        </test-method> <!-- checkPFASCHemicalsMenuVisible -->
        <test-method signature="checkRegulatoryReportsMenuVisible()[pri:5, instance:com.viridium.qa.tests.TestCases@6e171cd7]" started-at="2024-04-19T15:08:15 IST" name="checkRegulatoryReportsMenuVisible" finished-at="2024-04-19T15:08:15 IST" duration-ms="48" status="PASS">
          <reporter-output>
          </reporter-output>
        </test-method> <!-- checkRegulatoryReportsMenuVisible -->
        <test-method is-config="true" signature="teardown()[pri:0, instance:com.viridium.qa.tests.TestCases@6e171cd7]" started-at="2024-04-19T15:08:15 IST" name="teardown" finished-at="2024-04-19T15:08:15 IST" duration-ms="180" status="PASS">
          <reporter-output>
          </reporter-output>
        </test-method> <!-- teardown -->
      </class> <!-- com.viridium.qa.tests.TestCases -->
    </test> <!-- Test1 -->
    <test started-at="2024-04-19T15:08:15 IST" name="Test2" finished-at="2024-04-19T15:08:48 IST" duration-ms="33148">
      <class name="com.viridium.qa.tests.TestCases">
        <test-method is-config="true" signature="openBrowserCreateProject(java.lang.String)[pri:0, instance:com.viridium.qa.tests.TestCases@6572421]" started-at="2024-04-19T15:08:15 IST" name="openBrowserCreateProject" finished-at="2024-04-19T15:08:44 IST" duration-ms="29019" status="PASS">
          <params>
            <param index="0">
              <value>
                <![CDATA[edge]]>
              </value>
            </param>
          </params>
          <reporter-output>
          </reporter-output>
        </test-method> <!-- openBrowserCreateProject -->
        <test-method signature="login()[pri:1, instance:com.viridium.qa.tests.TestCases@6572421]" started-at="2024-04-19T15:08:44 IST" name="login" finished-at="2024-04-19T15:08:47 IST" duration-ms="3470" status="PASS">
          <reporter-output>
          </reporter-output>
        </test-method> <!-- login -->
        <test-method signature="checkProductProfitabilityMenuVisible()[pri:2, instance:com.viridium.qa.tests.TestCases@6572421]" started-at="2024-04-19T15:08:47 IST" name="checkProductProfitabilityMenuVisible" finished-at="2024-04-19T15:08:48 IST" duration-ms="199" status="PASS">
          <reporter-output>
          </reporter-output>
        </test-method> <!-- checkProductProfitabilityMenuVisible -->
        <test-method signature="checkCarbonEmissionMenuVisible()[pri:3, instance:com.viridium.qa.tests.TestCases@6572421]" started-at="2024-04-19T15:08:48 IST" name="checkCarbonEmissionMenuVisible" finished-at="2024-04-19T15:08:48 IST" duration-ms="48" status="PASS">
          <reporter-output>
          </reporter-output>
        </test-method> <!-- checkCarbonEmissionMenuVisible -->
        <test-method signature="checkPFASCHemicalsMenuVisible()[pri:4, instance:com.viridium.qa.tests.TestCases@6572421]" started-at="2024-04-19T15:08:48 IST" name="checkPFASCHemicalsMenuVisible" finished-at="2024-04-19T15:08:48 IST" duration-ms="47" status="PASS">
          <reporter-output>
          </reporter-output>
        </test-method> <!-- checkPFASCHemicalsMenuVisible -->
        <test-method signature="checkRegulatoryReportsMenuVisible()[pri:5, instance:com.viridium.qa.tests.TestCases@6572421]" started-at="2024-04-19T15:08:48 IST" name="checkRegulatoryReportsMenuVisible" finished-at="2024-04-19T15:08:48 IST" duration-ms="53" status="PASS">
          <reporter-output>
          </reporter-output>
        </test-method> <!-- checkRegulatoryReportsMenuVisible -->
        <test-method is-config="true" signature="teardown()[pri:0, instance:com.viridium.qa.tests.TestCases@6572421]" started-at="2024-04-19T15:08:48 IST" name="teardown" finished-at="2024-04-19T15:08:48 IST" duration-ms="296" status="PASS">
          <reporter-output>
          </reporter-output>
        </test-method> <!-- teardown -->
      </class> <!-- com.viridium.qa.tests.TestCases -->
    </test> <!-- Test2 -->
  </suite> <!-- Suite_demo -->
</testng-results>
