<?xml version="1.0" encoding="UTF-8"?>
<testng-results ignored="5" total="8" passed="2" failed="1" skipped="0">
  <reporter-output>
  </reporter-output>
  <suite started-at="2024-04-23T20:27:00 IST" name="Suite_demo" finished-at="2024-04-23T20:28:35 IST" duration-ms="94262">
    <groups>
    </groups>
    <test started-at="2024-04-23T20:27:00 IST" name="Test1" finished-at="2024-04-23T20:28:35 IST" duration-ms="94262">
      <class name="com.viridium.qa.tests.TestCases">
        <test-method is-config="true" signature="startExtentReporter()[pri:0, instance:com.viridium.qa.tests.TestCases@6771beb3]" started-at="2024-04-23T20:27:00 IST" name="startExtentReporter" finished-at="2024-04-23T20:27:00 IST" duration-ms="222" status="PASS">
          <reporter-output>
          </reporter-output>
        </test-method> <!-- startExtentReporter -->
        <test-method is-config="true" signature="openBrowserCreateProject(java.lang.String)[pri:0, instance:com.viridium.qa.tests.TestCases@6771beb3]" started-at="2024-04-23T20:27:00 IST" name="openBrowserCreateProject" finished-at="2024-04-23T20:27:18 IST" duration-ms="17625" status="PASS">
          <params>
            <param index="0">
              <value>
                <![CDATA[chrome]]>
              </value>
            </param>
          </params>
          <reporter-output>
          </reporter-output>
        </test-method> <!-- openBrowserCreateProject -->
        <test-method is-config="true" signature="setup()[pri:0, instance:com.viridium.qa.tests.TestCases@6771beb3]" started-at="2024-04-23T20:27:18 IST" name="setup" finished-at="2024-04-23T20:27:18 IST" duration-ms="2" status="PASS">
          <reporter-output>
          </reporter-output>
        </test-method> <!-- setup -->
        <test-method signature="checkTitleVIR03VisibleAfterClick()[pri:6, instance:com.viridium.qa.tests.TestCases@6771beb3]" started-at="2024-04-23T20:27:18 IST" name="checkTitleVIR03VisibleAfterClick" finished-at="2024-04-23T20:27:27 IST" duration-ms="9446" status="PASS">
          <reporter-output>
          </reporter-output>
        </test-method> <!-- checkTitleVIR03VisibleAfterClick -->
        <test-method is-config="true" signature="goToDashboard()[pri:0, instance:com.viridium.qa.tests.TestCases@6771beb3]" started-at="2024-04-23T20:27:27 IST" name="goToDashboard" finished-at="2024-04-23T20:27:27 IST" duration-ms="1" status="PASS">
          <reporter-output>
          </reporter-output>
        </test-method> <!-- goToDashboard -->
        <test-method signature="checkTitleVIR03Color()[pri:7, instance:com.viridium.qa.tests.TestCases@6771beb3]" started-at="2024-04-23T20:27:27 IST" name="checkTitleVIR03Color" finished-at="2024-04-23T20:28:29 IST" duration-ms="62140" status="FAIL">
          <exception class="org.openqa.selenium.TimeoutException">
            <message>
              <![CDATA[Expected condition failed: waiting for visibility of Proxy element for: DefaultElementLocator 'By.xpath: //div[text()='PFAS chemicals']' (tried for 30 second(s) with 500 milliseconds interval)]]>
            </message>
            <full-stacktrace>
              <![CDATA[org.openqa.selenium.TimeoutException: Expected condition failed: waiting for visibility of Proxy element for: DefaultElementLocator 'By.xpath: //div[text()='PFAS chemicals']' (tried for 30 second(s) with 500 milliseconds interval)
at org.openqa.selenium.support.ui.WebDriverWait.timeoutException(WebDriverWait.java:84)
at org.openqa.selenium.support.ui.FluentWait.until(FluentWait.java:230)
at com.viridium.qa.pages.ProjectDashboardPage.clickPFASChemicalsMenu(ProjectDashboardPage.java:73)
at com.viridium.qa.tests.TestCases.checkTitleVIR03Color(TestCases.java:77)
at java.base/jdk.internal.reflect.NativeMethodAccessorImpl.invoke0(Native Method)
at java.base/jdk.internal.reflect.NativeMethodAccessorImpl.invoke(NativeMethodAccessorImpl.java:77)
at java.base/jdk.internal.reflect.DelegatingMethodAccessorImpl.invoke(DelegatingMethodAccessorImpl.java:43)
at java.base/java.lang.reflect.Method.invoke(Method.java:568)
at org.testng.internal.invokers.MethodInvocationHelper.invokeMethod(MethodInvocationHelper.java:139)
at org.testng.internal.invokers.TestInvoker.invokeMethod(TestInvoker.java:677)
at org.testng.internal.invokers.TestInvoker.invokeTestMethod(TestInvoker.java:221)
at org.testng.internal.invokers.MethodRunner.runInSequence(MethodRunner.java:50)
at org.testng.internal.invokers.TestInvoker$MethodInvocationAgent.invoke(TestInvoker.java:969)
at org.testng.internal.invokers.TestInvoker.invokeTestMethods(TestInvoker.java:194)
at org.testng.internal.invokers.TestMethodWorker.invokeTestMethods(TestMethodWorker.java:148)
at org.testng.internal.invokers.TestMethodWorker.run(TestMethodWorker.java:128)
at java.base/java.util.ArrayList.forEach(ArrayList.java:1511)
at org.testng.TestRunner.privateRun(TestRunner.java:829)
at org.testng.TestRunner.run(TestRunner.java:602)
at org.testng.SuiteRunner.runTest(SuiteRunner.java:437)
at org.testng.SuiteRunner.runSequentially(SuiteRunner.java:431)
at org.testng.SuiteRunner.privateRun(SuiteRunner.java:391)
at org.testng.SuiteRunner.run(SuiteRunner.java:330)
at org.testng.SuiteRunnerWorker.runSuite(SuiteRunnerWorker.java:52)
at org.testng.SuiteRunnerWorker.run(SuiteRunnerWorker.java:95)
at org.testng.TestNG.runSuitesSequentially(TestNG.java:1256)
at org.testng.TestNG.runSuitesLocally(TestNG.java:1176)
at org.testng.TestNG.runSuites(TestNG.java:1099)
at org.testng.TestNG.run(TestNG.java:1067)
at org.testng.remote.AbstractRemoteTestNG.run(AbstractRemoteTestNG.java:115)
at org.testng.remote.RemoteTestNG.initAndRun(RemoteTestNG.java:251)
at org.testng.remote.RemoteTestNG.main(RemoteTestNG.java:77)
Caused by: org.openqa.selenium.NoSuchElementException: no such element: Unable to locate element: {"method":"xpath","selector":"//div[text()='PFAS chemicals']"}
  (Session info: chrome=124.0.6367.61)
For documentation on this error, please visit: https://www.selenium.dev/documentation/webdriver/troubleshooting/errors#no-such-element-exception
Build info: version: '4.11.0', revision: '040bc5406b'
System info: os.name: 'Windows 11', os.arch: 'amd64', os.version: '10.0', java.version: '17.0.7'
Driver info: org.openqa.selenium.chrome.ChromeDriver
Command: [e586af6176ecd0932bbde5bd2153e1ea, findElement {using=xpath, value=//div[text()='PFAS chemicals']}]
Capabilities {acceptInsecureCerts: false, browserName: chrome, browserVersion: 124.0.6367.61, chrome: {chromedriverVersion: 124.0.6367.60 (8771130bd84f..., userDataDir: C:\Users\Iauro\AppData\Loca...}, fedcm:accounts: true, goog:chromeOptions: {debuggerAddress: localhost:65032}, networkConnectionEnabled: false, pageLoadStrategy: normal, platformName: windows, proxy: Proxy(), se:cdp: ws://localhost:65032/devtoo..., se:cdpVersion: 124.0.6367.61, setWindowRect: true, strictFileInteractability: false, timeouts: {implicit: 0, pageLoad: 300000, script: 30000}, unhandledPromptBehavior: dismiss and notify, webauthn:extension:credBlob: true, webauthn:extension:largeBlob: true, webauthn:extension:minPinLength: true, webauthn:extension:prf: true, webauthn:virtualAuthenticators: true}
Session ID: e586af6176ecd0932bbde5bd2153e1ea
at java.base/jdk.internal.reflect.NativeConstructorAccessorImpl.newInstance0(Native Method)
at java.base/jdk.internal.reflect.NativeConstructorAccessorImpl.newInstance(NativeConstructorAccessorImpl.java:77)
at java.base/jdk.internal.reflect.DelegatingConstructorAccessorImpl.newInstance(DelegatingConstructorAccessorImpl.java:45)
at java.base/java.lang.reflect.Constructor.newInstanceWithCaller(Constructor.java:499)
at java.base/java.lang.reflect.Constructor.newInstance(Constructor.java:480)
at org.openqa.selenium.remote.codec.w3c.W3CHttpResponseCodec.createException(W3CHttpResponseCodec.java:200)
at org.openqa.selenium.remote.codec.w3c.W3CHttpResponseCodec.decode(W3CHttpResponseCodec.java:133)
at org.openqa.selenium.remote.codec.w3c.W3CHttpResponseCodec.decode(W3CHttpResponseCodec.java:52)
at org.openqa.selenium.remote.HttpCommandExecutor.execute(HttpCommandExecutor.java:191)
at org.openqa.selenium.remote.service.DriverCommandExecutor.invokeExecute(DriverCommandExecutor.java:196)
at org.openqa.selenium.remote.service.DriverCommandExecutor.execute(DriverCommandExecutor.java:171)
at org.openqa.selenium.remote.RemoteWebDriver.execute(RemoteWebDriver.java:518)
at org.openqa.selenium.remote.ElementLocation$ElementFinder$2.findElement(ElementLocation.java:165)
at org.openqa.selenium.remote.ElementLocation.findElement(ElementLocation.java:59)
at org.openqa.selenium.remote.RemoteWebDriver.findElement(RemoteWebDriver.java:355)
at org.openqa.selenium.remote.RemoteWebDriver.findElement(RemoteWebDriver.java:349)
at org.openqa.selenium.support.pagefactory.DefaultElementLocator.findElement(DefaultElementLocator.java:68)
at org.openqa.selenium.support.pagefactory.internal.LocatingElementHandler.invoke(LocatingElementHandler.java:38)
at jdk.proxy2/jdk.proxy2.$Proxy22.isDisplayed(Unknown Source)
at org.openqa.selenium.support.ui.ExpectedConditions.elementIfVisible(ExpectedConditions.java:304)
at org.openqa.selenium.support.ui.ExpectedConditions.access$000(ExpectedConditions.java:37)
at org.openqa.selenium.support.ui.ExpectedConditions$10.apply(ExpectedConditions.java:290)
at org.openqa.selenium.support.ui.ExpectedConditions$10.apply(ExpectedConditions.java:287)
at org.openqa.selenium.support.ui.FluentWait.until(FluentWait.java:205)
... 30 more
]]>
            </full-stacktrace>
          </exception> <!-- org.openqa.selenium.TimeoutException -->
          <reporter-output>
          </reporter-output>
        </test-method> <!-- checkTitleVIR03Color -->
        <test-method is-config="true" signature="setup()[pri:0, instance:com.viridium.qa.tests.TestCases@6771beb3]" started-at="2024-04-23T20:27:27 IST" name="setup" finished-at="2024-04-23T20:27:27 IST" duration-ms="0" status="PASS">
          <reporter-output>
          </reporter-output>
        </test-method> <!-- setup -->
        <test-method signature="checkTitleVIR03Color1()[pri:8, instance:com.viridium.qa.tests.TestCases@6771beb3]" started-at="2024-04-23T20:28:30 IST" name="checkTitleVIR03Color1" finished-at="2024-04-23T20:28:34 IST" duration-ms="4666" status="PASS">
          <reporter-output>
          </reporter-output>
        </test-method> <!-- checkTitleVIR03Color1 -->
        <test-method is-config="true" signature="goToDashboard()[pri:0, instance:com.viridium.qa.tests.TestCases@6771beb3]" started-at="2024-04-23T20:28:30 IST" name="goToDashboard" finished-at="2024-04-23T20:28:30 IST" duration-ms="0" status="PASS">
          <reporter-output>
          </reporter-output>
        </test-method> <!-- goToDashboard -->
        <test-method is-config="true" signature="setup()[pri:0, instance:com.viridium.qa.tests.TestCases@6771beb3]" started-at="2024-04-23T20:28:30 IST" name="setup" finished-at="2024-04-23T20:28:30 IST" duration-ms="0" status="PASS">
          <reporter-output>
          </reporter-output>
        </test-method> <!-- setup -->
        <test-method is-config="true" signature="goToDashboard()[pri:0, instance:com.viridium.qa.tests.TestCases@6771beb3]" started-at="2024-04-23T20:28:34 IST" name="goToDashboard" finished-at="2024-04-23T20:28:34 IST" duration-ms="0" status="PASS">
          <reporter-output>
          </reporter-output>
        </test-method> <!-- goToDashboard -->
        <test-method is-config="true" signature="teardown()[pri:0, instance:com.viridium.qa.tests.TestCases@6771beb3]" started-at="2024-04-23T20:28:34 IST" name="teardown" finished-at="2024-04-23T20:28:35 IST" duration-ms="185" status="PASS">
          <reporter-output>
          </reporter-output>
        </test-method> <!-- teardown -->
        <test-method is-config="true" signature="closeExtentReporter()[pri:0, instance:com.viridium.qa.tests.TestCases@6771beb3]" started-at="2024-04-23T20:28:35 IST" name="closeExtentReporter" finished-at="2024-04-23T20:28:35 IST" duration-ms="203" status="PASS">
          <reporter-output>
          </reporter-output>
        </test-method> <!-- closeExtentReporter -->
      </class> <!-- com.viridium.qa.tests.TestCases -->
    </test> <!-- Test1 -->
  </suite> <!-- Suite_demo -->
</testng-results>
