<?xml version="1.0" encoding="UTF-8"?>
<!-- Generated by org.testng.reporters.JUnitXMLReporter -->
<testsuite ignored="0" hostname="DESKTOP-UP2LI8Q" failures="0" tests="5" name="Test1" time="21.266" errors="0" timestamp="2024-04-19T15:49:34 IST">
  <testcase classname="com.viridium.qa.tests.TestCases" name="login" time="3.359"/>
  <testcase classname="com.viridium.qa.tests.TestCases" name="checkProductProfitabilityMenuVisible" time="0.305"/>
  <testcase classname="com.viridium.qa.tests.TestCases" name="checkCarbonEmissionMenuVisible" time="0.045"/>
  <testcase classname="com.viridium.qa.tests.TestCases" name="checkPFASCHemicalsMenuVisible" time="0.063"/>
  <testcase classname="com.viridium.qa.tests.TestCases" name="checkRegulatoryReportsMenuVisible" time="0.057"/>
</testsuite> <!-- Test1 -->
