<?xml version="1.0" encoding="UTF-8"?>
<!-- Generated by org.testng.reporters.JUnitXMLReporter -->
<testsuite ignored="0" hostname="DESKTOP-UP2LI8Q" failures="1" tests="5" name="Test1" time="38.845" errors="0" timestamp="2024-04-22T19:03:55 IST">
  <testcase classname="com.viridium.qa.tests.TestCases" name="login" time="4.602"/>
  <testcase classname="com.viridium.qa.tests.TestCases" name="checkProductProfitabilityMenuVisible" time="2.058"/>
  <testcase classname="com.viridium.qa.tests.TestCases" name="checkCarbonEmissionMenuVisible" time="2.051"/>
  <testcase classname="com.viridium.qa.tests.TestCases" name="checkPFASCHemicalsMenuVisible" time="2.043">
    <failure type="java.lang.AssertionError" message="expected [false] but found [true]">
      <![CDATA[java.lang.AssertionError: expected [false] but found [true]
at com.viridium.qa.tests.TestCases.checkPFASCHemicalsMenuVisible(TestCases.java:45)
at java.base/java.util.ArrayList.forEach(ArrayList.java:1511)
... Removed 31 stack frames]]>
    </failure>
  </testcase> <!-- checkPFASCHemicalsMenuVisible -->
  <testcase classname="com.viridium.qa.tests.TestCases" name="checkRegulatoryReportsMenuVisible" time="2.105"/>
</testsuite> <!-- Test1 -->
